2025-09-12 06:16:40,817 - accelerate.utils.modeling - INFO - modeling.py:1029 - get_balanced_memory - We will use 90% of the memory on device 0 for storing the model, and 10% for the buffer to avoid OOM. You can set `max_memory` in to a higher value to use more memory (at your own risk).
2025-09-12 06:18:39,203 - mem0.vector_stores.qdrant - INFO - qdrant.py:130 - insert - Inserting 1 vectors into collection mem0migrations
2025-09-12 06:18:39,262 - sentence_transformers.SentenceTransformer - INFO - SentenceTransformer.py:113 - __init__ - Load pretrained SentenceTransformer: sentence-transformers/gtr-t5-base
2025-09-12 06:18:42,899 - sentence_transformers.SentenceTransformer - INFO - SentenceTransformer.py:219 - __init__ - Use pytorch device_name: cuda
2025-09-12 07:31:09,172 - datasets - INFO - config.py:54 - <module> - PyTorch version 2.5.1 available.
2025-09-12 07:31:15,872 - sentence_transformers.SentenceTransformer - INFO - SentenceTransformer.py:219 - __init__ - Use pytorch device_name: cuda:0
2025-09-12 07:31:15,876 - sentence_transformers.SentenceTransformer - INFO - SentenceTransformer.py:227 - __init__ - Load pretrained SentenceTransformer: sentence-transformers/gtr-t5-base
2025-09-12 07:33:29,255 - datasets - INFO - config.py:54 - <module> - PyTorch version 2.5.1 available.
2025-09-12 07:33:31,753 - sentence_transformers.SentenceTransformer - INFO - SentenceTransformer.py:219 - __init__ - Use pytorch device_name: cuda:0
2025-09-12 07:33:31,756 - sentence_transformers.SentenceTransformer - INFO - SentenceTransformer.py:227 - __init__ - Load pretrained SentenceTransformer: sentence-transformers/gtr-t5-base
2025-09-12 07:33:33,536 - chromadb.telemetry.product.posthog - INFO - posthog.py:22 - __init__ - Anonymized telemetry enabled. See                     https://docs.trychroma.com/telemetry for more information.
2025-09-12 07:35:08,038 - datasets - INFO - config.py:54 - <module> - PyTorch version 2.5.1 available.
2025-09-12 07:35:13,147 - sentence_transformers.SentenceTransformer - INFO - SentenceTransformer.py:219 - __init__ - Use pytorch device_name: cuda:0
2025-09-12 07:35:13,152 - sentence_transformers.SentenceTransformer - INFO - SentenceTransformer.py:227 - __init__ - Load pretrained SentenceTransformer: sentence-transformers/gtr-t5-base
2025-09-12 07:38:41,243 - datasets - INFO - config.py:54 - <module> - PyTorch version 2.5.1 available.
2025-09-12 07:38:45,155 - sentence_transformers.SentenceTransformer - INFO - SentenceTransformer.py:219 - __init__ - Use pytorch device_name: cuda:0
2025-09-12 07:38:45,159 - sentence_transformers.SentenceTransformer - INFO - SentenceTransformer.py:227 - __init__ - Load pretrained SentenceTransformer: sentence-transformers/gtr-t5-base
2025-09-12 08:03:32,663 - accelerate.utils.modeling - INFO - modeling.py:957 - get_balanced_memory - We will use 90% of the memory on device 0 for storing the model, and 10% for the buffer to avoid OOM. You can set `max_memory` in to a higher value to use more memory (at your own risk).
2025-09-12 08:03:36,720 - datasets - INFO - config.py:54 - <module> - PyTorch version 2.5.1 available.
2025-09-12 08:03:40,918 - sentence_transformers.SentenceTransformer - INFO - SentenceTransformer.py:219 - __init__ - Use pytorch device_name: cuda:0
2025-09-12 08:03:40,924 - sentence_transformers.SentenceTransformer - INFO - SentenceTransformer.py:227 - __init__ - Load pretrained SentenceTransformer: sentence-transformers/gtr-t5-base
2025-09-12 08:15:05,477 - accelerate.utils.modeling - INFO - modeling.py:957 - get_balanced_memory - We will use 90% of the memory on device 0 for storing the model, and 10% for the buffer to avoid OOM. You can set `max_memory` in to a higher value to use more memory (at your own risk).
2025-09-12 08:15:08,837 - datasets - INFO - config.py:54 - <module> - PyTorch version 2.5.1 available.
2025-09-12 08:15:11,362 - sentence_transformers.SentenceTransformer - INFO - SentenceTransformer.py:219 - __init__ - Use pytorch device_name: cuda:0
2025-09-12 08:15:11,365 - sentence_transformers.SentenceTransformer - INFO - SentenceTransformer.py:227 - __init__ - Load pretrained SentenceTransformer: sentence-transformers/gtr-t5-base
2025-09-12 08:31:24,176 - datasets - INFO - config.py:54 - <module> - PyTorch version 2.5.1 available.
2025-09-12 08:31:29,212 - sentence_transformers.SentenceTransformer - INFO - SentenceTransformer.py:219 - __init__ - Use pytorch device_name: cuda:0
2025-09-12 08:31:29,242 - sentence_transformers.SentenceTransformer - INFO - SentenceTransformer.py:227 - __init__ - Load pretrained SentenceTransformer: sentence-transformers/gtr-t5-base
2025-09-12 08:33:03,798 - datasets - INFO - config.py:54 - <module> - PyTorch version 2.5.1 available.
2025-09-12 08:33:06,759 - sentence_transformers.SentenceTransformer - INFO - SentenceTransformer.py:219 - __init__ - Use pytorch device_name: cuda:0
2025-09-12 08:33:06,762 - sentence_transformers.SentenceTransformer - INFO - SentenceTransformer.py:227 - __init__ - Load pretrained SentenceTransformer: sentence-transformers/gtr-t5-base
2025-09-12 08:52:19,742 - accelerate.utils.modeling - INFO - modeling.py:957 - get_balanced_memory - We will use 90% of the memory on device 0 for storing the model, and 10% for the buffer to avoid OOM. You can set `max_memory` in to a higher value to use more memory (at your own risk).
2025-09-12 08:52:25,158 - datasets - INFO - config.py:54 - <module> - PyTorch version 2.5.1 available.
2025-09-12 08:52:33,696 - sentence_transformers.SentenceTransformer - INFO - SentenceTransformer.py:219 - __init__ - Use pytorch device_name: cuda:0
2025-09-12 08:52:33,741 - sentence_transformers.SentenceTransformer - INFO - SentenceTransformer.py:227 - __init__ - Load pretrained SentenceTransformer: sentence-transformers/gtr-t5-base
2025-09-12 09:08:31,371 - accelerate.utils.modeling - INFO - modeling.py:957 - get_balanced_memory - We will use 90% of the memory on device 0 for storing the model, and 10% for the buffer to avoid OOM. You can set `max_memory` in to a higher value to use more memory (at your own risk).
2025-09-12 09:08:37,497 - datasets - INFO - config.py:54 - <module> - PyTorch version 2.5.1 available.
2025-09-12 09:08:47,084 - sentence_transformers.SentenceTransformer - INFO - SentenceTransformer.py:219 - __init__ - Use pytorch device_name: cuda:0
2025-09-12 09:08:47,091 - sentence_transformers.SentenceTransformer - INFO - SentenceTransformer.py:227 - __init__ - Load pretrained SentenceTransformer: sentence-transformers/gtr-t5-base
2025-09-12 09:49:54,143 - accelerate.utils.modeling - INFO - modeling.py:957 - get_balanced_memory - We will use 90% of the memory on device 0 for storing the model, and 10% for the buffer to avoid OOM. You can set `max_memory` in to a higher value to use more memory (at your own risk).
2025-09-12 09:49:57,786 - datasets - INFO - config.py:54 - <module> - PyTorch version 2.5.1 available.
2025-09-12 09:50:02,049 - sentence_transformers.SentenceTransformer - INFO - SentenceTransformer.py:219 - __init__ - Use pytorch device_name: cuda:0
2025-09-12 09:50:02,052 - sentence_transformers.SentenceTransformer - INFO - SentenceTransformer.py:227 - __init__ - Load pretrained SentenceTransformer: sentence-transformers/gtr-t5-base
2025-09-12 10:02:36,524 - accelerate.utils.modeling - INFO - modeling.py:957 - get_balanced_memory - We will use 90% of the memory on device 0 for storing the model, and 10% for the buffer to avoid OOM. You can set `max_memory` in to a higher value to use more memory (at your own risk).
2025-09-12 10:02:40,384 - datasets - INFO - config.py:54 - <module> - PyTorch version 2.5.1 available.
2025-09-12 10:02:44,845 - sentence_transformers.SentenceTransformer - INFO - SentenceTransformer.py:219 - __init__ - Use pytorch device_name: cuda:0
2025-09-12 10:02:44,848 - sentence_transformers.SentenceTransformer - INFO - SentenceTransformer.py:227 - __init__ - Load pretrained SentenceTransformer: sentence-transformers/gtr-t5-base
2025-09-12 10:37:13,870 - datasets - INFO - config.py:54 - <module> - PyTorch version 2.5.1 available.
2025-09-12 10:37:17,650 - sentence_transformers.SentenceTransformer - INFO - SentenceTransformer.py:219 - __init__ - Use pytorch device_name: cuda:0
2025-09-12 10:37:17,654 - sentence_transformers.SentenceTransformer - INFO - SentenceTransformer.py:227 - __init__ - Load pretrained SentenceTransformer: sentence-transformers/gtr-t5-base
2025-09-12 10:38:35,949 - datasets - INFO - config.py:54 - <module> - PyTorch version 2.5.1 available.
2025-09-12 10:38:38,948 - sentence_transformers.SentenceTransformer - INFO - SentenceTransformer.py:219 - __init__ - Use pytorch device_name: cuda:0
2025-09-12 10:38:38,952 - sentence_transformers.SentenceTransformer - INFO - SentenceTransformer.py:227 - __init__ - Load pretrained SentenceTransformer: sentence-transformers/gtr-t5-base
2025-09-12 14:45:56,241 - accelerate.utils.modeling - INFO - modeling.py:957 - get_balanced_memory - We will use 90% of the memory on device 0 for storing the model, and 10% for the buffer to avoid OOM. You can set `max_memory` in to a higher value to use more memory (at your own risk).
2025-09-12 14:46:03,749 - datasets - INFO - config.py:54 - <module> - PyTorch version 2.5.1 available.
2025-09-12 14:46:15,553 - sentence_transformers.SentenceTransformer - INFO - SentenceTransformer.py:219 - __init__ - Use pytorch device_name: cuda:0
2025-09-12 14:46:15,564 - sentence_transformers.SentenceTransformer - INFO - SentenceTransformer.py:227 - __init__ - Load pretrained SentenceTransformer: sentence-transformers/gtr-t5-base
2025-09-12 14:59:13,788 - accelerate.utils.modeling - INFO - modeling.py:957 - get_balanced_memory - We will use 90% of the memory on device 0 for storing the model, and 10% for the buffer to avoid OOM. You can set `max_memory` in to a higher value to use more memory (at your own risk).
2025-09-12 14:59:18,236 - datasets - INFO - config.py:54 - <module> - PyTorch version 2.5.1 available.
2025-09-12 14:59:23,165 - sentence_transformers.SentenceTransformer - INFO - SentenceTransformer.py:219 - __init__ - Use pytorch device_name: cuda:0
2025-09-12 14:59:23,168 - sentence_transformers.SentenceTransformer - INFO - SentenceTransformer.py:227 - __init__ - Load pretrained SentenceTransformer: sentence-transformers/gtr-t5-base
2025-09-12 15:20:22,885 - accelerate.utils.modeling - INFO - modeling.py:957 - get_balanced_memory - We will use 90% of the memory on device 0 for storing the model, and 10% for the buffer to avoid OOM. You can set `max_memory` in to a higher value to use more memory (at your own risk).
2025-09-12 15:20:30,563 - datasets - INFO - config.py:54 - <module> - PyTorch version 2.5.1 available.
2025-09-12 15:20:54,166 - sentence_transformers.SentenceTransformer - INFO - SentenceTransformer.py:219 - __init__ - Use pytorch device_name: cuda:0
2025-09-12 15:20:54,177 - sentence_transformers.SentenceTransformer - INFO - SentenceTransformer.py:227 - __init__ - Load pretrained SentenceTransformer: sentence-transformers/gtr-t5-base
2025-09-12 15:48:21,130 - accelerate.utils.modeling - INFO - modeling.py:957 - get_balanced_memory - We will use 90% of the memory on device 0 for storing the model, and 10% for the buffer to avoid OOM. You can set `max_memory` in to a higher value to use more memory (at your own risk).
2025-09-12 15:48:25,977 - datasets - INFO - config.py:54 - <module> - PyTorch version 2.5.1 available.
2025-09-12 15:48:31,885 - sentence_transformers.SentenceTransformer - INFO - SentenceTransformer.py:219 - __init__ - Use pytorch device_name: cuda:0
2025-09-12 15:48:31,895 - sentence_transformers.SentenceTransformer - INFO - SentenceTransformer.py:227 - __init__ - Load pretrained SentenceTransformer: sentence-transformers/gtr-t5-base
2025-09-12 16:19:28,723 - accelerate.utils.modeling - INFO - modeling.py:957 - get_balanced_memory - We will use 90% of the memory on device 0 for storing the model, and 10% for the buffer to avoid OOM. You can set `max_memory` in to a higher value to use more memory (at your own risk).
2025-09-12 16:19:33,758 - datasets - INFO - config.py:54 - <module> - PyTorch version 2.5.1 available.
2025-09-12 16:19:42,159 - sentence_transformers.SentenceTransformer - INFO - SentenceTransformer.py:219 - __init__ - Use pytorch device_name: cuda:0
2025-09-12 16:19:42,163 - sentence_transformers.SentenceTransformer - INFO - SentenceTransformer.py:227 - __init__ - Load pretrained SentenceTransformer: sentence-transformers/gtr-t5-base
2025-09-12 16:31:48,685 - accelerate.utils.modeling - INFO - modeling.py:957 - get_balanced_memory - We will use 90% of the memory on device 0 for storing the model, and 10% for the buffer to avoid OOM. You can set `max_memory` in to a higher value to use more memory (at your own risk).
2025-09-12 16:31:55,368 - datasets - INFO - config.py:54 - <module> - PyTorch version 2.5.1 available.
2025-09-12 16:32:07,278 - sentence_transformers.SentenceTransformer - INFO - SentenceTransformer.py:219 - __init__ - Use pytorch device_name: cuda:0
2025-09-12 16:32:07,283 - sentence_transformers.SentenceTransformer - INFO - SentenceTransformer.py:227 - __init__ - Load pretrained SentenceTransformer: sentence-transformers/gtr-t5-base
2025-09-12 16:43:50,821 - accelerate.utils.modeling - INFO - modeling.py:957 - get_balanced_memory - We will use 90% of the memory on device 0 for storing the model, and 10% for the buffer to avoid OOM. You can set `max_memory` in to a higher value to use more memory (at your own risk).
2025-09-12 16:43:55,799 - datasets - INFO - config.py:54 - <module> - PyTorch version 2.5.1 available.
2025-09-12 16:44:03,164 - sentence_transformers.SentenceTransformer - INFO - SentenceTransformer.py:219 - __init__ - Use pytorch device_name: cuda:0
2025-09-12 16:44:03,170 - sentence_transformers.SentenceTransformer - INFO - SentenceTransformer.py:227 - __init__ - Load pretrained SentenceTransformer: sentence-transformers/gtr-t5-base
2025-09-12 16:54:32,489 - accelerate.utils.modeling - INFO - modeling.py:957 - get_balanced_memory - We will use 90% of the memory on device 0 for storing the model, and 10% for the buffer to avoid OOM. You can set `max_memory` in to a higher value to use more memory (at your own risk).
2025-09-12 16:54:38,074 - datasets - INFO - config.py:54 - <module> - PyTorch version 2.5.1 available.
2025-09-12 16:54:45,686 - sentence_transformers.SentenceTransformer - INFO - SentenceTransformer.py:219 - __init__ - Use pytorch device_name: cuda:0
2025-09-12 16:54:45,696 - sentence_transformers.SentenceTransformer - INFO - SentenceTransformer.py:227 - __init__ - Load pretrained SentenceTransformer: sentence-transformers/gtr-t5-base
2025-09-12 17:09:50,427 - accelerate.utils.modeling - INFO - modeling.py:957 - get_balanced_memory - We will use 90% of the memory on device 0 for storing the model, and 10% for the buffer to avoid OOM. You can set `max_memory` in to a higher value to use more memory (at your own risk).
2025-09-12 17:09:57,048 - datasets - INFO - config.py:54 - <module> - PyTorch version 2.5.1 available.
2025-09-12 17:10:06,669 - sentence_transformers.SentenceTransformer - INFO - SentenceTransformer.py:219 - __init__ - Use pytorch device_name: cuda:0
2025-09-12 17:10:06,676 - sentence_transformers.SentenceTransformer - INFO - SentenceTransformer.py:227 - __init__ - Load pretrained SentenceTransformer: sentence-transformers/gtr-t5-base
2025-09-12 17:24:10,725 - accelerate.utils.modeling - INFO - modeling.py:957 - get_balanced_memory - We will use 90% of the memory on device 0 for storing the model, and 10% for the buffer to avoid OOM. You can set `max_memory` in to a higher value to use more memory (at your own risk).
2025-09-12 17:24:15,484 - datasets - INFO - config.py:54 - <module> - PyTorch version 2.5.1 available.
2025-09-12 17:24:19,485 - sentence_transformers.SentenceTransformer - INFO - SentenceTransformer.py:219 - __init__ - Use pytorch device_name: cuda:0
2025-09-12 17:24:19,487 - sentence_transformers.SentenceTransformer - INFO - SentenceTransformer.py:227 - __init__ - Load pretrained SentenceTransformer: sentence-transformers/gtr-t5-base
2025-09-12 17:32:35,288 - accelerate.utils.modeling - INFO - modeling.py:957 - get_balanced_memory - We will use 90% of the memory on device 0 for storing the model, and 10% for the buffer to avoid OOM. You can set `max_memory` in to a higher value to use more memory (at your own risk).
2025-09-12 17:32:39,653 - datasets - INFO - config.py:54 - <module> - PyTorch version 2.5.1 available.
2025-09-12 17:32:44,685 - sentence_transformers.SentenceTransformer - INFO - SentenceTransformer.py:219 - __init__ - Use pytorch device_name: cuda:0
2025-09-12 17:32:44,690 - sentence_transformers.SentenceTransformer - INFO - SentenceTransformer.py:227 - __init__ - Load pretrained SentenceTransformer: sentence-transformers/gtr-t5-base
2025-09-12 17:41:13,915 - accelerate.utils.modeling - INFO - modeling.py:957 - get_balanced_memory - We will use 90% of the memory on device 0 for storing the model, and 10% for the buffer to avoid OOM. You can set `max_memory` in to a higher value to use more memory (at your own risk).
2025-09-12 17:41:18,974 - datasets - INFO - config.py:54 - <module> - PyTorch version 2.5.1 available.
2025-09-12 17:41:24,645 - sentence_transformers.SentenceTransformer - INFO - SentenceTransformer.py:219 - __init__ - Use pytorch device_name: cuda:0
2025-09-12 17:41:24,649 - sentence_transformers.SentenceTransformer - INFO - SentenceTransformer.py:227 - __init__ - Load pretrained SentenceTransformer: sentence-transformers/gtr-t5-base
2025-09-12 17:57:46,704 - accelerate.utils.modeling - INFO - modeling.py:957 - get_balanced_memory - We will use 90% of the memory on device 0 for storing the model, and 10% for the buffer to avoid OOM. You can set `max_memory` in to a higher value to use more memory (at your own risk).
2025-09-12 17:57:53,938 - datasets - INFO - config.py:54 - <module> - PyTorch version 2.5.1 available.
2025-09-12 17:58:04,448 - sentence_transformers.SentenceTransformer - INFO - SentenceTransformer.py:219 - __init__ - Use pytorch device_name: cuda:0
2025-09-12 17:58:04,468 - sentence_transformers.SentenceTransformer - INFO - SentenceTransformer.py:227 - __init__ - Load pretrained SentenceTransformer: sentence-transformers/gtr-t5-base
2025-09-12 18:14:23,236 - accelerate.utils.modeling - INFO - modeling.py:957 - get_balanced_memory - We will use 90% of the memory on device 0 for storing the model, and 10% for the buffer to avoid OOM. You can set `max_memory` in to a higher value to use more memory (at your own risk).
2025-09-12 18:14:27,461 - datasets - INFO - config.py:54 - <module> - PyTorch version 2.5.1 available.
2025-09-12 18:14:34,525 - sentence_transformers.SentenceTransformer - INFO - SentenceTransformer.py:219 - __init__ - Use pytorch device_name: cuda:0
2025-09-12 18:14:34,531 - sentence_transformers.SentenceTransformer - INFO - SentenceTransformer.py:227 - __init__ - Load pretrained SentenceTransformer: sentence-transformers/gtr-t5-base
2025-09-12 18:25:36,721 - accelerate.utils.modeling - INFO - modeling.py:957 - get_balanced_memory - We will use 90% of the memory on device 0 for storing the model, and 10% for the buffer to avoid OOM. You can set `max_memory` in to a higher value to use more memory (at your own risk).
2025-09-12 18:25:40,991 - datasets - INFO - config.py:54 - <module> - PyTorch version 2.5.1 available.
2025-09-12 18:25:45,432 - sentence_transformers.SentenceTransformer - INFO - SentenceTransformer.py:219 - __init__ - Use pytorch device_name: cuda:0
2025-09-12 18:25:45,436 - sentence_transformers.SentenceTransformer - INFO - SentenceTransformer.py:227 - __init__ - Load pretrained SentenceTransformer: sentence-transformers/gtr-t5-base
2025-09-13 04:37:23,845 - datasets - INFO - config.py:54 - <module> - PyTorch version 2.5.1 available.
2025-09-13 04:37:43,161 - accelerate.utils.modeling - INFO - modeling.py:957 - get_balanced_memory - We will use 90% of the memory on device 0 for storing the model, and 10% for the buffer to avoid OOM. You can set `max_memory` in to a higher value to use more memory (at your own risk).
2025-09-13 04:39:21,339 - datasets - INFO - config.py:54 - <module> - PyTorch version 2.5.1 available.
2025-09-13 04:39:46,508 - accelerate.utils.modeling - INFO - modeling.py:957 - get_balanced_memory - We will use 90% of the memory on device 0 for storing the model, and 10% for the buffer to avoid OOM. You can set `max_memory` in to a higher value to use more memory (at your own risk).
2025-09-13 04:41:20,577 - datasets - INFO - config.py:54 - <module> - PyTorch version 2.5.1 available.
2025-09-13 04:41:43,361 - accelerate.utils.modeling - INFO - modeling.py:957 - get_balanced_memory - We will use 90% of the memory on device 0 for storing the model, and 10% for the buffer to avoid OOM. You can set `max_memory` in to a higher value to use more memory (at your own risk).
2025-09-13 04:43:09,365 - datasets - INFO - config.py:54 - <module> - PyTorch version 2.5.1 available.
2025-09-13 04:43:37,789 - accelerate.utils.modeling - INFO - modeling.py:957 - get_balanced_memory - We will use 90% of the memory on device 0 for storing the model, and 10% for the buffer to avoid OOM. You can set `max_memory` in to a higher value to use more memory (at your own risk).
2025-09-13 04:45:02,036 - datasets - INFO - config.py:54 - <module> - PyTorch version 2.5.1 available.
2025-09-13 04:45:16,948 - accelerate.utils.modeling - INFO - modeling.py:957 - get_balanced_memory - We will use 90% of the memory on device 0 for storing the model, and 10% for the buffer to avoid OOM. You can set `max_memory` in to a higher value to use more memory (at your own risk).
2025-09-13 04:47:01,424 - datasets - INFO - config.py:54 - <module> - PyTorch version 2.5.1 available.
2025-09-13 04:47:32,709 - accelerate.utils.modeling - INFO - modeling.py:957 - get_balanced_memory - We will use 90% of the memory on device 0 for storing the model, and 10% for the buffer to avoid OOM. You can set `max_memory` in to a higher value to use more memory (at your own risk).
2025-09-13 04:49:02,977 - datasets - INFO - config.py:54 - <module> - PyTorch version 2.5.1 available.
2025-09-13 04:49:24,639 - accelerate.utils.modeling - INFO - modeling.py:957 - get_balanced_memory - We will use 90% of the memory on device 0 for storing the model, and 10% for the buffer to avoid OOM. You can set `max_memory` in to a higher value to use more memory (at your own risk).
2025-09-13 04:51:11,148 - datasets - INFO - config.py:54 - <module> - PyTorch version 2.5.1 available.
2025-09-13 04:51:25,544 - accelerate.utils.modeling - INFO - modeling.py:957 - get_balanced_memory - We will use 90% of the memory on device 0 for storing the model, and 10% for the buffer to avoid OOM. You can set `max_memory` in to a higher value to use more memory (at your own risk).
2025-09-13 05:36:37,277 - datasets - INFO - config.py:54 - <module> - PyTorch version 2.5.1 available.
2025-09-13 05:36:54,304 - accelerate.utils.modeling - INFO - modeling.py:957 - get_balanced_memory - We will use 90% of the memory on device 0 for storing the model, and 10% for the buffer to avoid OOM. You can set `max_memory` in to a higher value to use more memory (at your own risk).
2025-09-13 05:36:56,630 - sentence_transformers.SentenceTransformer - INFO - SentenceTransformer.py:219 - __init__ - Use pytorch device_name: cuda:0
2025-09-13 05:36:56,633 - sentence_transformers.SentenceTransformer - INFO - SentenceTransformer.py:227 - __init__ - Load pretrained SentenceTransformer: sentence-transformers/gtr-t5-base
2025-09-13 06:18:31,224 - datasets - INFO - config.py:54 - <module> - PyTorch version 2.5.1 available.
2025-09-13 06:18:48,285 - accelerate.utils.modeling - INFO - modeling.py:957 - get_balanced_memory - We will use 90% of the memory on device 0 for storing the model, and 10% for the buffer to avoid OOM. You can set `max_memory` in to a higher value to use more memory (at your own risk).
2025-09-13 06:19:50,126 - datasets - INFO - config.py:54 - <module> - PyTorch version 2.5.1 available.
2025-09-13 06:20:05,375 - accelerate.utils.modeling - INFO - modeling.py:957 - get_balanced_memory - We will use 90% of the memory on device 0 for storing the model, and 10% for the buffer to avoid OOM. You can set `max_memory` in to a higher value to use more memory (at your own risk).
2025-09-13 06:21:12,544 - datasets - INFO - config.py:54 - <module> - PyTorch version 2.5.1 available.
2025-09-13 06:21:38,897 - accelerate.utils.modeling - INFO - modeling.py:957 - get_balanced_memory - We will use 90% of the memory on device 0 for storing the model, and 10% for the buffer to avoid OOM. You can set `max_memory` in to a higher value to use more memory (at your own risk).
2025-09-13 06:22:51,293 - datasets - INFO - config.py:54 - <module> - PyTorch version 2.5.1 available.
2025-09-13 06:23:06,309 - accelerate.utils.modeling - INFO - modeling.py:957 - get_balanced_memory - We will use 90% of the memory on device 0 for storing the model, and 10% for the buffer to avoid OOM. You can set `max_memory` in to a higher value to use more memory (at your own risk).
2025-09-13 06:24:14,295 - datasets - INFO - config.py:54 - <module> - PyTorch version 2.5.1 available.
2025-09-13 06:24:40,240 - accelerate.utils.modeling - INFO - modeling.py:957 - get_balanced_memory - We will use 90% of the memory on device 0 for storing the model, and 10% for the buffer to avoid OOM. You can set `max_memory` in to a higher value to use more memory (at your own risk).
2025-09-13 06:26:02,786 - datasets - INFO - config.py:54 - <module> - PyTorch version 2.5.1 available.
2025-09-13 06:26:22,656 - accelerate.utils.modeling - INFO - modeling.py:957 - get_balanced_memory - We will use 90% of the memory on device 0 for storing the model, and 10% for the buffer to avoid OOM. You can set `max_memory` in to a higher value to use more memory (at your own risk).
2025-09-13 06:27:21,901 - datasets - INFO - config.py:54 - <module> - PyTorch version 2.5.1 available.
2025-09-13 06:27:33,422 - accelerate.utils.modeling - INFO - modeling.py:957 - get_balanced_memory - We will use 90% of the memory on device 0 for storing the model, and 10% for the buffer to avoid OOM. You can set `max_memory` in to a higher value to use more memory (at your own risk).
2025-09-13 06:28:29,183 - datasets - INFO - config.py:54 - <module> - PyTorch version 2.5.1 available.
2025-09-13 06:28:47,802 - accelerate.utils.modeling - INFO - modeling.py:957 - get_balanced_memory - We will use 90% of the memory on device 0 for storing the model, and 10% for the buffer to avoid OOM. You can set `max_memory` in to a higher value to use more memory (at your own risk).
2025-09-13 06:54:42,976 - datasets - INFO - config.py:54 - <module> - PyTorch version 2.5.1 available.
2025-09-13 06:55:04,108 - accelerate.utils.modeling - INFO - modeling.py:957 - get_balanced_memory - We will use 90% of the memory on device 0 for storing the model, and 10% for the buffer to avoid OOM. You can set `max_memory` in to a higher value to use more memory (at your own risk).
2025-09-13 06:55:06,367 - sentence_transformers.SentenceTransformer - INFO - SentenceTransformer.py:219 - __init__ - Use pytorch device_name: cuda:0
2025-09-13 06:55:06,370 - sentence_transformers.SentenceTransformer - INFO - SentenceTransformer.py:227 - __init__ - Load pretrained SentenceTransformer: sentence-transformers/gtr-t5-base
2025-09-13 07:06:49,388 - datasets - INFO - config.py:54 - <module> - PyTorch version 2.5.1 available.
2025-09-13 07:07:09,111 - accelerate.utils.modeling - INFO - modeling.py:957 - get_balanced_memory - We will use 90% of the memory on device 0 for storing the model, and 10% for the buffer to avoid OOM. You can set `max_memory` in to a higher value to use more memory (at your own risk).
2025-09-13 07:07:11,344 - sentence_transformers.SentenceTransformer - INFO - SentenceTransformer.py:219 - __init__ - Use pytorch device_name: cuda:0
2025-09-13 07:07:11,347 - sentence_transformers.SentenceTransformer - INFO - SentenceTransformer.py:227 - __init__ - Load pretrained SentenceTransformer: sentence-transformers/gtr-t5-base
2025-09-13 07:18:46,594 - datasets - INFO - config.py:54 - <module> - PyTorch version 2.5.1 available.
2025-09-13 07:19:03,035 - accelerate.utils.modeling - INFO - modeling.py:957 - get_balanced_memory - We will use 90% of the memory on device 0 for storing the model, and 10% for the buffer to avoid OOM. You can set `max_memory` in to a higher value to use more memory (at your own risk).
2025-09-13 07:19:05,173 - sentence_transformers.SentenceTransformer - INFO - SentenceTransformer.py:219 - __init__ - Use pytorch device_name: cuda:0
2025-09-13 07:19:05,176 - sentence_transformers.SentenceTransformer - INFO - SentenceTransformer.py:227 - __init__ - Load pretrained SentenceTransformer: sentence-transformers/gtr-t5-base
2025-09-13 07:34:06,768 - datasets - INFO - config.py:54 - <module> - PyTorch version 2.5.1 available.
2025-09-13 07:34:22,978 - accelerate.utils.modeling - INFO - modeling.py:957 - get_balanced_memory - We will use 90% of the memory on device 0 for storing the model, and 10% for the buffer to avoid OOM. You can set `max_memory` in to a higher value to use more memory (at your own risk).
2025-09-13 07:34:25,155 - sentence_transformers.SentenceTransformer - INFO - SentenceTransformer.py:219 - __init__ - Use pytorch device_name: cuda:0
2025-09-13 07:34:25,157 - sentence_transformers.SentenceTransformer - INFO - SentenceTransformer.py:227 - __init__ - Load pretrained SentenceTransformer: sentence-transformers/gtr-t5-base
2025-09-13 07:47:36,781 - datasets - INFO - config.py:54 - <module> - PyTorch version 2.5.1 available.
2025-09-13 07:47:50,405 - accelerate.utils.modeling - INFO - modeling.py:957 - get_balanced_memory - We will use 90% of the memory on device 0 for storing the model, and 10% for the buffer to avoid OOM. You can set `max_memory` in to a higher value to use more memory (at your own risk).
2025-09-13 07:47:52,931 - sentence_transformers.SentenceTransformer - INFO - SentenceTransformer.py:219 - __init__ - Use pytorch device_name: cuda:0
2025-09-13 07:47:52,933 - sentence_transformers.SentenceTransformer - INFO - SentenceTransformer.py:227 - __init__ - Load pretrained SentenceTransformer: sentence-transformers/gtr-t5-base
2025-09-13 07:54:28,993 - datasets - INFO - config.py:54 - <module> - PyTorch version 2.5.1 available.
2025-09-13 07:54:47,181 - accelerate.utils.modeling - INFO - modeling.py:957 - get_balanced_memory - We will use 90% of the memory on device 0 for storing the model, and 10% for the buffer to avoid OOM. You can set `max_memory` in to a higher value to use more memory (at your own risk).
2025-09-13 07:54:49,486 - sentence_transformers.SentenceTransformer - INFO - SentenceTransformer.py:219 - __init__ - Use pytorch device_name: cuda:0
2025-09-13 07:54:49,488 - sentence_transformers.SentenceTransformer - INFO - SentenceTransformer.py:227 - __init__ - Load pretrained SentenceTransformer: sentence-transformers/gtr-t5-base
2025-09-13 08:02:07,057 - datasets - INFO - config.py:54 - <module> - PyTorch version 2.5.1 available.
2025-09-13 08:02:42,222 - accelerate.utils.modeling - INFO - modeling.py:957 - get_balanced_memory - We will use 90% of the memory on device 0 for storing the model, and 10% for the buffer to avoid OOM. You can set `max_memory` in to a higher value to use more memory (at your own risk).
2025-09-13 08:02:44,598 - sentence_transformers.SentenceTransformer - INFO - SentenceTransformer.py:219 - __init__ - Use pytorch device_name: cuda:0
2025-09-13 08:02:44,623 - sentence_transformers.SentenceTransformer - INFO - SentenceTransformer.py:227 - __init__ - Load pretrained SentenceTransformer: sentence-transformers/gtr-t5-base
2025-09-13 08:12:24,162 - datasets - INFO - config.py:54 - <module> - PyTorch version 2.5.1 available.
2025-09-13 08:12:45,918 - accelerate.utils.modeling - INFO - modeling.py:957 - get_balanced_memory - We will use 90% of the memory on device 0 for storing the model, and 10% for the buffer to avoid OOM. You can set `max_memory` in to a higher value to use more memory (at your own risk).
2025-09-13 08:12:48,285 - sentence_transformers.SentenceTransformer - INFO - SentenceTransformer.py:219 - __init__ - Use pytorch device_name: cuda:0
2025-09-13 08:12:48,287 - sentence_transformers.SentenceTransformer - INFO - SentenceTransformer.py:227 - __init__ - Load pretrained SentenceTransformer: sentence-transformers/gtr-t5-base
2025-09-13 10:28:10,234 - datasets - INFO - config.py:54 - <module> - PyTorch version 2.5.1 available.
2025-09-13 10:28:52,201 - accelerate.utils.modeling - INFO - modeling.py:957 - get_balanced_memory - We will use 90% of the memory on device 0 for storing the model, and 10% for the buffer to avoid OOM. You can set `max_memory` in to a higher value to use more memory (at your own risk).
2025-09-13 10:28:54,873 - sentence_transformers.SentenceTransformer - INFO - SentenceTransformer.py:219 - __init__ - Use pytorch device_name: cuda:0
2025-09-13 10:28:54,879 - sentence_transformers.SentenceTransformer - INFO - SentenceTransformer.py:227 - __init__ - Load pretrained SentenceTransformer: sentence-transformers/gtr-t5-base
2025-09-13 10:41:12,298 - datasets - INFO - config.py:54 - <module> - PyTorch version 2.5.1 available.
2025-09-13 10:41:39,401 - accelerate.utils.modeling - INFO - modeling.py:957 - get_balanced_memory - We will use 90% of the memory on device 0 for storing the model, and 10% for the buffer to avoid OOM. You can set `max_memory` in to a higher value to use more memory (at your own risk).
2025-09-13 10:41:41,893 - sentence_transformers.SentenceTransformer - INFO - SentenceTransformer.py:219 - __init__ - Use pytorch device_name: cuda:0
2025-09-13 10:41:41,898 - sentence_transformers.SentenceTransformer - INFO - SentenceTransformer.py:227 - __init__ - Load pretrained SentenceTransformer: sentence-transformers/gtr-t5-base
2025-09-13 11:44:47,090 - datasets - INFO - config.py:54 - <module> - PyTorch version 2.5.1 available.
2025-09-13 11:45:16,124 - accelerate.utils.modeling - INFO - modeling.py:957 - get_balanced_memory - We will use 90% of the memory on device 0 for storing the model, and 10% for the buffer to avoid OOM. You can set `max_memory` in to a higher value to use more memory (at your own risk).
2025-09-13 11:47:03,947 - datasets - INFO - config.py:54 - <module> - PyTorch version 2.5.1 available.
2025-09-13 11:47:24,580 - accelerate.utils.modeling - INFO - modeling.py:957 - get_balanced_memory - We will use 90% of the memory on device 0 for storing the model, and 10% for the buffer to avoid OOM. You can set `max_memory` in to a higher value to use more memory (at your own risk).
2025-09-13 11:49:26,446 - datasets - INFO - config.py:54 - <module> - PyTorch version 2.5.1 available.
2025-09-13 11:49:49,786 - accelerate.utils.modeling - INFO - modeling.py:957 - get_balanced_memory - We will use 90% of the memory on device 0 for storing the model, and 10% for the buffer to avoid OOM. You can set `max_memory` in to a higher value to use more memory (at your own risk).
2025-09-13 11:50:57,328 - datasets - INFO - config.py:54 - <module> - PyTorch version 2.5.1 available.
2025-09-13 11:51:12,338 - accelerate.utils.modeling - INFO - modeling.py:957 - get_balanced_memory - We will use 90% of the memory on device 0 for storing the model, and 10% for the buffer to avoid OOM. You can set `max_memory` in to a higher value to use more memory (at your own risk).
2025-09-13 11:52:16,054 - datasets - INFO - config.py:54 - <module> - PyTorch version 2.5.1 available.
2025-09-13 11:52:30,312 - accelerate.utils.modeling - INFO - modeling.py:957 - get_balanced_memory - We will use 90% of the memory on device 0 for storing the model, and 10% for the buffer to avoid OOM. You can set `max_memory` in to a higher value to use more memory (at your own risk).
2025-09-13 11:53:50,293 - datasets - INFO - config.py:54 - <module> - PyTorch version 2.5.1 available.
2025-09-13 11:54:08,411 - accelerate.utils.modeling - INFO - modeling.py:957 - get_balanced_memory - We will use 90% of the memory on device 0 for storing the model, and 10% for the buffer to avoid OOM. You can set `max_memory` in to a higher value to use more memory (at your own risk).
2025-09-13 11:55:33,888 - datasets - INFO - config.py:54 - <module> - PyTorch version 2.5.1 available.
2025-09-13 11:56:10,120 - accelerate.utils.modeling - INFO - modeling.py:957 - get_balanced_memory - We will use 90% of the memory on device 0 for storing the model, and 10% for the buffer to avoid OOM. You can set `max_memory` in to a higher value to use more memory (at your own risk).
2025-09-13 11:58:27,183 - datasets - INFO - config.py:54 - <module> - PyTorch version 2.5.1 available.
2025-09-13 11:59:08,942 - accelerate.utils.modeling - INFO - modeling.py:957 - get_balanced_memory - We will use 90% of the memory on device 0 for storing the model, and 10% for the buffer to avoid OOM. You can set `max_memory` in to a higher value to use more memory (at your own risk).
2025-09-13 15:59:11,038 - datasets - INFO - config.py:54 - <module> - PyTorch version 2.5.1 available.
2025-09-13 15:59:26,904 - accelerate.utils.modeling - INFO - modeling.py:957 - get_balanced_memory - We will use 90% of the memory on device 0 for storing the model, and 10% for the buffer to avoid OOM. You can set `max_memory` in to a higher value to use more memory (at your own risk).
2025-09-13 15:59:35,935 - sentence_transformers.SentenceTransformer - INFO - SentenceTransformer.py:219 - __init__ - Use pytorch device_name: cuda:0
2025-09-13 15:59:35,936 - sentence_transformers.SentenceTransformer - INFO - SentenceTransformer.py:227 - __init__ - Load pretrained SentenceTransformer: sentence-transformers/gtr-t5-base
2025-09-13 16:18:40,762 - datasets - INFO - config.py:54 - <module> - PyTorch version 2.5.1 available.
2025-09-13 16:18:55,507 - accelerate.utils.modeling - INFO - modeling.py:957 - get_balanced_memory - We will use 90% of the memory on device 0 for storing the model, and 10% for the buffer to avoid OOM. You can set `max_memory` in to a higher value to use more memory (at your own risk).
2025-09-13 16:19:03,802 - accelerate.big_modeling - WARNING - big_modeling.py:438 - dispatch_model - Some parameters are on the meta device because they were offloaded to the cpu.
2025-09-13 16:19:09,279 - sentence_transformers.SentenceTransformer - INFO - SentenceTransformer.py:219 - __init__ - Use pytorch device_name: cuda:0
2025-09-13 16:19:09,281 - sentence_transformers.SentenceTransformer - INFO - SentenceTransformer.py:227 - __init__ - Load pretrained SentenceTransformer: sentence-transformers/gtr-t5-base
2025-09-13 16:19:11,269 - sentence_transformers.SentenceTransformer - INFO - SentenceTransformer.py:219 - __init__ - Use pytorch device_name: cuda:0
2025-09-13 16:19:11,272 - sentence_transformers.SentenceTransformer - INFO - SentenceTransformer.py:227 - __init__ - Load pretrained SentenceTransformer: sentence-transformers/gtr-t5-base
2025-09-13 16:31:33,062 - datasets - INFO - config.py:54 - <module> - PyTorch version 2.5.1 available.
2025-09-13 16:35:25,639 - datasets - INFO - config.py:54 - <module> - PyTorch version 2.5.1 available.
2025-09-13 16:38:03,457 - datasets - INFO - config.py:54 - <module> - PyTorch version 2.5.1 available.
2025-09-13 16:40:39,158 - datasets - INFO - config.py:54 - <module> - PyTorch version 2.5.1 available.
2025-09-13 16:51:25,689 - datasets - INFO - config.py:54 - <module> - PyTorch version 2.5.1 available.
2025-09-13 16:51:45,412 - accelerate.utils.modeling - INFO - modeling.py:957 - get_balanced_memory - We will use 90% of the memory on device 0 for storing the model, and 10% for the buffer to avoid OOM. You can set `max_memory` in to a higher value to use more memory (at your own risk).
2025-09-13 16:51:45,876 - accelerate.big_modeling - WARNING - big_modeling.py:438 - dispatch_model - Some parameters are on the meta device because they were offloaded to the cpu.
2025-09-13 16:51:48,993 - sentence_transformers.SentenceTransformer - INFO - SentenceTransformer.py:219 - __init__ - Use pytorch device_name: cuda:0
2025-09-13 16:51:48,998 - sentence_transformers.SentenceTransformer - INFO - SentenceTransformer.py:227 - __init__ - Load pretrained SentenceTransformer: sentence-transformers/gtr-t5-base
2025-09-13 16:51:51,362 - sentence_transformers.SentenceTransformer - INFO - SentenceTransformer.py:219 - __init__ - Use pytorch device_name: cuda:0
2025-09-13 16:51:51,367 - sentence_transformers.SentenceTransformer - INFO - SentenceTransformer.py:227 - __init__ - Load pretrained SentenceTransformer: sentence-transformers/gtr-t5-base
2025-09-13 17:46:49,461 - datasets - INFO - config.py:54 - <module> - PyTorch version 2.5.1 available.
2025-09-13 17:47:09,247 - accelerate.utils.modeling - INFO - modeling.py:957 - get_balanced_memory - We will use 90% of the memory on device 0 for storing the model, and 10% for the buffer to avoid OOM. You can set `max_memory` in to a higher value to use more memory (at your own risk).
2025-09-13 17:47:09,735 - accelerate.big_modeling - WARNING - big_modeling.py:438 - dispatch_model - Some parameters are on the meta device because they were offloaded to the cpu.
2025-09-13 17:47:13,173 - sentence_transformers.SentenceTransformer - INFO - SentenceTransformer.py:219 - __init__ - Use pytorch device_name: cuda:0
2025-09-13 17:47:13,178 - sentence_transformers.SentenceTransformer - INFO - SentenceTransformer.py:227 - __init__ - Load pretrained SentenceTransformer: sentence-transformers/gtr-t5-base
2025-09-13 17:47:15,191 - sentence_transformers.SentenceTransformer - INFO - SentenceTransformer.py:219 - __init__ - Use pytorch device_name: cuda:0
2025-09-13 17:47:15,197 - sentence_transformers.SentenceTransformer - INFO - SentenceTransformer.py:227 - __init__ - Load pretrained SentenceTransformer: sentence-transformers/gtr-t5-base
2025-09-13 18:00:30,222 - datasets - INFO - config.py:54 - <module> - PyTorch version 2.5.1 available.
2025-09-13 18:09:17,365 - datasets - INFO - config.py:54 - <module> - PyTorch version 2.5.1 available.
2025-09-13 18:09:34,607 - accelerate.utils.modeling - INFO - modeling.py:957 - get_balanced_memory - We will use 90% of the memory on device 0 for storing the model, and 10% for the buffer to avoid OOM. You can set `max_memory` in to a higher value to use more memory (at your own risk).
2025-09-13 18:09:35,069 - accelerate.big_modeling - WARNING - big_modeling.py:438 - dispatch_model - Some parameters are on the meta device because they were offloaded to the cpu.
2025-09-13 18:09:38,560 - sentence_transformers.SentenceTransformer - INFO - SentenceTransformer.py:219 - __init__ - Use pytorch device_name: cuda:0
2025-09-13 18:09:38,564 - sentence_transformers.SentenceTransformer - INFO - SentenceTransformer.py:227 - __init__ - Load pretrained SentenceTransformer: sentence-transformers/gtr-t5-base
2025-09-13 18:09:40,524 - sentence_transformers.SentenceTransformer - INFO - SentenceTransformer.py:219 - __init__ - Use pytorch device_name: cuda:0
2025-09-13 18:09:40,527 - sentence_transformers.SentenceTransformer - INFO - SentenceTransformer.py:227 - __init__ - Load pretrained SentenceTransformer: sentence-transformers/gtr-t5-base
2025-09-13 18:15:35,883 - datasets - INFO - config.py:54 - <module> - PyTorch version 2.5.1 available.
2025-09-13 18:15:55,461 - accelerate.utils.modeling - INFO - modeling.py:957 - get_balanced_memory - We will use 90% of the memory on device 0 for storing the model, and 10% for the buffer to avoid OOM. You can set `max_memory` in to a higher value to use more memory (at your own risk).
2025-09-13 18:15:55,978 - accelerate.big_modeling - WARNING - big_modeling.py:438 - dispatch_model - Some parameters are on the meta device because they were offloaded to the cpu.
2025-09-13 18:15:59,196 - sentence_transformers.SentenceTransformer - INFO - SentenceTransformer.py:219 - __init__ - Use pytorch device_name: cuda:0
2025-09-13 18:15:59,219 - sentence_transformers.SentenceTransformer - INFO - SentenceTransformer.py:227 - __init__ - Load pretrained SentenceTransformer: sentence-transformers/gtr-t5-base
2025-09-13 18:16:01,567 - sentence_transformers.SentenceTransformer - INFO - SentenceTransformer.py:219 - __init__ - Use pytorch device_name: cuda:0
2025-09-13 18:16:01,574 - sentence_transformers.SentenceTransformer - INFO - SentenceTransformer.py:227 - __init__ - Load pretrained SentenceTransformer: sentence-transformers/gtr-t5-base
2025-09-13 18:20:01,823 - datasets - INFO - config.py:54 - <module> - PyTorch version 2.5.1 available.
2025-09-13 18:20:31,857 - accelerate.utils.modeling - INFO - modeling.py:957 - get_balanced_memory - We will use 90% of the memory on device 0 for storing the model, and 10% for the buffer to avoid OOM. You can set `max_memory` in to a higher value to use more memory (at your own risk).
2025-09-13 18:20:32,262 - accelerate.big_modeling - WARNING - big_modeling.py:438 - dispatch_model - Some parameters are on the meta device because they were offloaded to the cpu.
2025-09-13 18:20:34,280 - sentence_transformers.SentenceTransformer - INFO - SentenceTransformer.py:219 - __init__ - Use pytorch device_name: cuda:0
2025-09-13 18:20:34,282 - sentence_transformers.SentenceTransformer - INFO - SentenceTransformer.py:227 - __init__ - Load pretrained SentenceTransformer: sentence-transformers/gtr-t5-base
2025-09-13 18:20:35,873 - sentence_transformers.SentenceTransformer - INFO - SentenceTransformer.py:219 - __init__ - Use pytorch device_name: cuda:0
2025-09-13 18:20:35,875 - sentence_transformers.SentenceTransformer - INFO - SentenceTransformer.py:227 - __init__ - Load pretrained SentenceTransformer: sentence-transformers/gtr-t5-base
2025-09-13 18:23:22,028 - datasets - INFO - config.py:54 - <module> - PyTorch version 2.5.1 available.
2025-09-13 18:29:16,169 - datasets - INFO - config.py:54 - <module> - PyTorch version 2.5.1 available.
2025-09-13 18:32:27,974 - datasets - INFO - config.py:54 - <module> - PyTorch version 2.5.1 available.
2025-09-13 18:32:40,298 - accelerate.utils.modeling - INFO - modeling.py:957 - get_balanced_memory - We will use 90% of the memory on device 0 for storing the model, and 10% for the buffer to avoid OOM. You can set `max_memory` in to a higher value to use more memory (at your own risk).
2025-09-13 18:32:40,765 - accelerate.big_modeling - WARNING - big_modeling.py:438 - dispatch_model - Some parameters are on the meta device because they were offloaded to the cpu.
2025-09-13 18:32:46,230 - sentence_transformers.SentenceTransformer - INFO - SentenceTransformer.py:219 - __init__ - Use pytorch device_name: cuda:0
2025-09-13 18:32:46,231 - sentence_transformers.SentenceTransformer - INFO - SentenceTransformer.py:227 - __init__ - Load pretrained SentenceTransformer: sentence-transformers/gtr-t5-base
2025-09-13 18:32:47,843 - sentence_transformers.SentenceTransformer - INFO - SentenceTransformer.py:219 - __init__ - Use pytorch device_name: cuda:0
2025-09-13 18:32:47,845 - sentence_transformers.SentenceTransformer - INFO - SentenceTransformer.py:227 - __init__ - Load pretrained SentenceTransformer: sentence-transformers/gtr-t5-base
2025-09-13 18:46:54,189 - datasets - INFO - config.py:54 - <module> - PyTorch version 2.5.1 available.
2025-09-13 18:47:21,036 - accelerate.utils.modeling - INFO - modeling.py:957 - get_balanced_memory - We will use 90% of the memory on device 0 for storing the model, and 10% for the buffer to avoid OOM. You can set `max_memory` in to a higher value to use more memory (at your own risk).
2025-09-13 18:47:29,036 - sentence_transformers.SentenceTransformer - INFO - SentenceTransformer.py:219 - __init__ - Use pytorch device_name: cuda:0
2025-09-13 18:47:29,038 - sentence_transformers.SentenceTransformer - INFO - SentenceTransformer.py:227 - __init__ - Load pretrained SentenceTransformer: sentence-transformers/gtr-t5-base
2025-09-13 18:52:49,225 - datasets - INFO - config.py:54 - <module> - PyTorch version 2.5.1 available.
2025-09-13 18:53:04,629 - accelerate.utils.modeling - INFO - modeling.py:957 - get_balanced_memory - We will use 90% of the memory on device 0 for storing the model, and 10% for the buffer to avoid OOM. You can set `max_memory` in to a higher value to use more memory (at your own risk).
2025-09-13 18:53:13,147 - sentence_transformers.SentenceTransformer - INFO - SentenceTransformer.py:219 - __init__ - Use pytorch device_name: cuda:0
2025-09-13 18:53:13,149 - sentence_transformers.SentenceTransformer - INFO - SentenceTransformer.py:227 - __init__ - Load pretrained SentenceTransformer: sentence-transformers/gtr-t5-base
2025-09-13 19:14:15,588 - datasets - INFO - config.py:54 - <module> - PyTorch version 2.5.1 available.
2025-09-13 19:14:33,083 - accelerate.utils.modeling - INFO - modeling.py:957 - get_balanced_memory - We will use 90% of the memory on device 0 for storing the model, and 10% for the buffer to avoid OOM. You can set `max_memory` in to a higher value to use more memory (at your own risk).
2025-09-13 19:14:41,667 - sentence_transformers.SentenceTransformer - INFO - SentenceTransformer.py:219 - __init__ - Use pytorch device_name: cuda:0
2025-09-13 19:14:41,668 - sentence_transformers.SentenceTransformer - INFO - SentenceTransformer.py:227 - __init__ - Load pretrained SentenceTransformer: sentence-transformers/gtr-t5-base
2025-09-13 19:34:19,439 - datasets - INFO - config.py:54 - <module> - PyTorch version 2.5.1 available.
